{"C:\\Users\\thiag\\OneDrive\\Desktop\\clinica-api\\src\\app.js": {"path":"C:\\Users\\thiag\\OneDrive\\Desktop\\clinica-api\\src\\app.js","statementMap":{"0":{"start":{"line":1,"column":16},"end":{"line":1,"column":34}},"1":{"start":{"line":2,"column":13},"end":{"line":2,"column":28}},"2":{"start":{"line":4,"column":24},"end":{"line":4,"column":53}},"3":{"start":{"line":5,"column":24},"end":{"line":5,"column":53}},"4":{"start":{"line":7,"column":12},"end":{"line":7,"column":21}},"5":{"start":{"line":10,"column":0},"end":{"line":10,"column":16}},"6":{"start":{"line":11,"column":0},"end":{"line":11,"column":24}},"7":{"start":{"line":14,"column":0},"end":{"line":22,"column":3}},"8":{"start":{"line":15,"column":2},"end":{"line":21,"column":5}},"9":{"start":{"line":25,"column":0},"end":{"line":25,"column":39}},"10":{"start":{"line":26,"column":0},"end":{"line":26,"column":39}},"11":{"start":{"line":29,"column":0},"end":{"line":31,"column":3}},"12":{"start":{"line":30,"column":2},"end":{"line":30,"column":77}},"13":{"start":{"line":33,"column":0},"end":{"line":33,"column":21}}},"fnMap":{"0":{"name":"(anonymous_0)","decl":{"start":{"line":14,"column":13},"end":{"line":14,"column":14}},"loc":{"start":{"line":14,"column":27},"end":{"line":22,"column":1}},"line":14},"1":{"name":"(anonymous_1)","decl":{"start":{"line":29,"column":8},"end":{"line":29,"column":9}},"loc":{"start":{"line":29,"column":22},"end":{"line":31,"column":1}},"line":29}},"branchMap":{},"s":{"0":2,"1":2,"2":2,"3":2,"4":2,"5":2,"6":2,"7":2,"8":0,"9":2,"10":2,"11":2,"12":0,"13":2},"f":{"0":0,"1":0},"b":{},"_coverageSchema":"1a1c01bbd47fc00a2c39e90264f33305004495a9","hash":"a780b766e420dbba68296a3399506cdcb709d53e"}
,"C:\\Users\\thiag\\OneDrive\\Desktop\\clinica-api\\src\\routes\\consultas.js": {"path":"C:\\Users\\thiag\\OneDrive\\Desktop\\clinica-api\\src\\routes\\consultas.js","statementMap":{"0":{"start":{"line":1,"column":16},"end":{"line":1,"column":34}},"1":{"start":{"line":2,"column":15},"end":{"line":2,"column":31}},"2":{"start":{"line":3,"column":11},"end":{"line":3,"column":42}},"3":{"start":{"line":6,"column":0},"end":{"line":23,"column":3}},"4":{"start":{"line":7,"column":2},"end":{"line":22,"column":3}},"5":{"start":{"line":8,"column":22},"end":{"line":17,"column":12}},"6":{"start":{"line":19,"column":4},"end":{"line":19,"column":50}},"7":{"start":{"line":21,"column":4},"end":{"line":21,"column":69}},"8":{"start":{"line":26,"column":0},"end":{"line":47,"column":3}},"9":{"start":{"line":27,"column":2},"end":{"line":46,"column":3}},"10":{"start":{"line":28,"column":21},"end":{"line":37,"column":25}},"11":{"start":{"line":39,"column":4},"end":{"line":41,"column":5}},"12":{"start":{"line":40,"column":6},"end":{"line":40,"column":92}},"13":{"start":{"line":43,"column":4},"end":{"line":43,"column":49}},"14":{"start":{"line":45,"column":4},"end":{"line":45,"column":69}},"15":{"start":{"line":50,"column":0},"end":{"line":62,"column":3}},"16":{"start":{"line":51,"column":2},"end":{"line":61,"column":3}},"17":{"start":{"line":52,"column":22},"end":{"line":56,"column":34}},"18":{"start":{"line":58,"column":4},"end":{"line":58,"column":50}},"19":{"start":{"line":60,"column":4},"end":{"line":60,"column":69}},"20":{"start":{"line":65,"column":0},"end":{"line":102,"column":3}},"21":{"start":{"line":66,"column":85},"end":{"line":66,"column":93}},"22":{"start":{"line":68,"column":2},"end":{"line":73,"column":3}},"23":{"start":{"line":69,"column":4},"end":{"line":72,"column":7}},"24":{"start":{"line":76,"column":19},"end":{"line":76,"column":87}},"25":{"start":{"line":77,"column":2},"end":{"line":79,"column":3}},"26":{"start":{"line":78,"column":4},"end":{"line":78,"column":90}},"27":{"start":{"line":82,"column":27},"end":{"line":82,"column":65}},"28":{"start":{"line":83,"column":22},"end":{"line":83,"column":42}},"29":{"start":{"line":84,"column":2},"end":{"line":89,"column":3}},"30":{"start":{"line":85,"column":4},"end":{"line":88,"column":7}},"31":{"start":{"line":91,"column":2},"end":{"line":101,"column":3}},"32":{"start":{"line":92,"column":22},"end":{"line":95,"column":95}},"33":{"start":{"line":97,"column":25},"end":{"line":97,"column":106}},"34":{"start":{"line":98,"column":4},"end":{"line":98,"column":107}},"35":{"start":{"line":100,"column":4},"end":{"line":100,"column":69}},"36":{"start":{"line":105,"column":0},"end":{"line":139,"column":3}},"37":{"start":{"line":106,"column":85},"end":{"line":106,"column":93}},"38":{"start":{"line":108,"column":2},"end":{"line":113,"column":3}},"39":{"start":{"line":109,"column":4},"end":{"line":112,"column":7}},"40":{"start":{"line":115,"column":27},"end":{"line":115,"column":65}},"41":{"start":{"line":116,"column":2},"end":{"line":121,"column":3}},"42":{"start":{"line":117,"column":4},"end":{"line":120,"column":7}},"43":{"start":{"line":123,"column":2},"end":{"line":138,"column":3}},"44":{"start":{"line":124,"column":22},"end":{"line":128,"column":105}},"45":{"start":{"line":130,"column":4},"end":{"line":132,"column":5}},"46":{"start":{"line":131,"column":6},"end":{"line":131,"column":92}},"47":{"start":{"line":134,"column":23},"end":{"line":134,"column":92}},"48":{"start":{"line":135,"column":4},"end":{"line":135,"column":97}},"49":{"start":{"line":137,"column":4},"end":{"line":137,"column":69}},"50":{"start":{"line":142,"column":0},"end":{"line":154,"column":3}},"51":{"start":{"line":143,"column":2},"end":{"line":153,"column":3}},"52":{"start":{"line":144,"column":22},"end":{"line":144,"column":89}},"53":{"start":{"line":146,"column":4},"end":{"line":148,"column":5}},"54":{"start":{"line":147,"column":6},"end":{"line":147,"column":92}},"55":{"start":{"line":150,"column":4},"end":{"line":150,"column":76}},"56":{"start":{"line":152,"column":4},"end":{"line":152,"column":69}},"57":{"start":{"line":156,"column":0},"end":{"line":156,"column":24}}},"fnMap":{"0":{"name":"(anonymous_0)","decl":{"start":{"line":6,"column":16},"end":{"line":6,"column":17}},"loc":{"start":{"line":6,"column":30},"end":{"line":23,"column":1}},"line":6},"1":{"name":"(anonymous_1)","decl":{"start":{"line":26,"column":19},"end":{"line":26,"column":20}},"loc":{"start":{"line":26,"column":33},"end":{"line":47,"column":1}},"line":26},"2":{"name":"(anonymous_2)","decl":{"start":{"line":50,"column":37},"end":{"line":50,"column":38}},"loc":{"start":{"line":50,"column":51},"end":{"line":62,"column":1}},"line":50},"3":{"name":"(anonymous_3)","decl":{"start":{"line":65,"column":17},"end":{"line":65,"column":18}},"loc":{"start":{"line":65,"column":31},"end":{"line":102,"column":1}},"line":65},"4":{"name":"(anonymous_4)","decl":{"start":{"line":105,"column":19},"end":{"line":105,"column":20}},"loc":{"start":{"line":105,"column":33},"end":{"line":139,"column":1}},"line":105},"5":{"name":"(anonymous_5)","decl":{"start":{"line":142,"column":22},"end":{"line":142,"column":23}},"loc":{"start":{"line":142,"column":36},"end":{"line":154,"column":1}},"line":142}},"branchMap":{"0":{"loc":{"start":{"line":39,"column":4},"end":{"line":41,"column":5}},"type":"if","locations":[{"start":{"line":39,"column":4},"end":{"line":41,"column":5}},{"start":{},"end":{}}],"line":39},"1":{"loc":{"start":{"line":68,"column":2},"end":{"line":73,"column":3}},"type":"if","locations":[{"start":{"line":68,"column":2},"end":{"line":73,"column":3}},{"start":{},"end":{}}],"line":68},"2":{"loc":{"start":{"line":68,"column":6},"end":{"line":68,"column":65}},"type":"binary-expr","locations":[{"start":{"line":68,"column":6},"end":{"line":68,"column":18}},{"start":{"line":68,"column":22},"end":{"line":68,"column":29}},{"start":{"line":68,"column":33},"end":{"line":68,"column":47}},{"start":{"line":68,"column":51},"end":{"line":68,"column":65}}],"line":68},"3":{"loc":{"start":{"line":77,"column":2},"end":{"line":79,"column":3}},"type":"if","locations":[{"start":{"line":77,"column":2},"end":{"line":79,"column":3}},{"start":{},"end":{}}],"line":77},"4":{"loc":{"start":{"line":83,"column":22},"end":{"line":83,"column":42}},"type":"binary-expr","locations":[{"start":{"line":83,"column":22},"end":{"line":83,"column":28}},{"start":{"line":83,"column":32},"end":{"line":83,"column":42}}],"line":83},"5":{"loc":{"start":{"line":84,"column":2},"end":{"line":89,"column":3}},"type":"if","locations":[{"start":{"line":84,"column":2},"end":{"line":89,"column":3}},{"start":{},"end":{}}],"line":84},"6":{"loc":{"start":{"line":95,"column":75},"end":{"line":95,"column":94}},"type":"binary-expr","locations":[{"start":{"line":95,"column":75},"end":{"line":95,"column":86}},{"start":{"line":95,"column":90},"end":{"line":95,"column":94}}],"line":95},"7":{"loc":{"start":{"line":108,"column":2},"end":{"line":113,"column":3}},"type":"if","locations":[{"start":{"line":108,"column":2},"end":{"line":113,"column":3}},{"start":{},"end":{}}],"line":108},"8":{"loc":{"start":{"line":108,"column":6},"end":{"line":108,"column":76}},"type":"binary-expr","locations":[{"start":{"line":108,"column":6},"end":{"line":108,"column":18}},{"start":{"line":108,"column":22},"end":{"line":108,"column":29}},{"start":{"line":108,"column":33},"end":{"line":108,"column":47}},{"start":{"line":108,"column":51},"end":{"line":108,"column":65}},{"start":{"line":108,"column":69},"end":{"line":108,"column":76}}],"line":108},"9":{"loc":{"start":{"line":116,"column":2},"end":{"line":121,"column":3}},"type":"if","locations":[{"start":{"line":116,"column":2},"end":{"line":121,"column":3}},{"start":{},"end":{}}],"line":116},"10":{"loc":{"start":{"line":128,"column":70},"end":{"line":128,"column":89}},"type":"binary-expr","locations":[{"start":{"line":128,"column":70},"end":{"line":128,"column":81}},{"start":{"line":128,"column":85},"end":{"line":128,"column":89}}],"line":128},"11":{"loc":{"start":{"line":130,"column":4},"end":{"line":132,"column":5}},"type":"if","locations":[{"start":{"line":130,"column":4},"end":{"line":132,"column":5}},{"start":{},"end":{}}],"line":130},"12":{"loc":{"start":{"line":146,"column":4},"end":{"line":148,"column":5}},"type":"if","locations":[{"start":{"line":146,"column":4},"end":{"line":148,"column":5}},{"start":{},"end":{}}],"line":146}},"s":{"0":2,"1":2,"2":2,"3":2,"4":2,"5":2,"6":1,"7":1,"8":2,"9":2,"10":2,"11":2,"12":1,"13":1,"14":0,"15":2,"16":1,"17":1,"18":1,"19":0,"20":2,"21":4,"22":4,"23":1,"24":3,"25":3,"26":1,"27":2,"28":2,"29":2,"30":1,"31":1,"32":1,"33":1,"34":1,"35":0,"36":2,"37":3,"38":3,"39":0,"40":3,"41":3,"42":1,"43":2,"44":2,"45":2,"46":1,"47":1,"48":1,"49":0,"50":2,"51":2,"52":2,"53":2,"54":1,"55":1,"56":0,"57":2},"f":{"0":2,"1":2,"2":1,"3":4,"4":3,"5":2},"b":{"0":[1,1],"1":[1,3],"2":[4,3,3,3],"3":[1,2],"4":[2,0],"5":[1,1],"6":[1,1],"7":[0,3],"8":[3,3,3,3,3],"9":[1,2],"10":[2,2],"11":[1,1],"12":[1,1]},"_coverageSchema":"1a1c01bbd47fc00a2c39e90264f33305004495a9","hash":"a1b73446487cc0a249143623082c3feacc16dda9"}
,"C:\\Users\\thiag\\OneDrive\\Desktop\\clinica-api\\src\\routes\\pacientes.js": {"path":"C:\\Users\\thiag\\OneDrive\\Desktop\\clinica-api\\src\\routes\\pacientes.js","statementMap":{"0":{"start":{"line":1,"column":16},"end":{"line":1,"column":34}},"1":{"start":{"line":2,"column":15},"end":{"line":2,"column":31}},"2":{"start":{"line":3,"column":11},"end":{"line":3,"column":42}},"3":{"start":{"line":6,"column":0},"end":{"line":13,"column":3}},"4":{"start":{"line":7,"column":2},"end":{"line":12,"column":3}},"5":{"start":{"line":8,"column":22},"end":{"line":8,"column":79}},"6":{"start":{"line":9,"column":4},"end":{"line":9,"column":50}},"7":{"start":{"line":11,"column":4},"end":{"line":11,"column":69}},"8":{"start":{"line":16,"column":0},"end":{"line":28,"column":3}},"9":{"start":{"line":17,"column":2},"end":{"line":27,"column":3}},"10":{"start":{"line":18,"column":21},"end":{"line":18,"column":90}},"11":{"start":{"line":20,"column":4},"end":{"line":22,"column":5}},"12":{"start":{"line":21,"column":6},"end":{"line":21,"column":92}},"13":{"start":{"line":24,"column":4},"end":{"line":24,"column":49}},"14":{"start":{"line":26,"column":4},"end":{"line":26,"column":69}},"15":{"start":{"line":31,"column":0},"end":{"line":57,"column":3}},"16":{"start":{"line":32,"column":52},"end":{"line":32,"column":60}},"17":{"start":{"line":35,"column":2},"end":{"line":40,"column":3}},"18":{"start":{"line":36,"column":4},"end":{"line":39,"column":7}},"19":{"start":{"line":42,"column":2},"end":{"line":56,"column":3}},"20":{"start":{"line":43,"column":22},"end":{"line":46,"column":49}},"21":{"start":{"line":48,"column":25},"end":{"line":48,"column":106}},"22":{"start":{"line":49,"column":4},"end":{"line":49,"column":107}},"23":{"start":{"line":52,"column":4},"end":{"line":54,"column":5}},"24":{"start":{"line":53,"column":6},"end":{"line":53,"column":86}},"25":{"start":{"line":55,"column":4},"end":{"line":55,"column":69}},"26":{"start":{"line":60,"column":0},"end":{"line":89,"column":3}},"27":{"start":{"line":61,"column":52},"end":{"line":61,"column":60}},"28":{"start":{"line":63,"column":2},"end":{"line":68,"column":3}},"29":{"start":{"line":64,"column":4},"end":{"line":67,"column":7}},"30":{"start":{"line":70,"column":2},"end":{"line":88,"column":3}},"31":{"start":{"line":71,"column":22},"end":{"line":75,"column":64}},"32":{"start":{"line":77,"column":4},"end":{"line":79,"column":5}},"33":{"start":{"line":78,"column":6},"end":{"line":78,"column":92}},"34":{"start":{"line":81,"column":23},"end":{"line":81,"column":92}},"35":{"start":{"line":82,"column":4},"end":{"line":82,"column":97}},"36":{"start":{"line":84,"column":4},"end":{"line":86,"column":5}},"37":{"start":{"line":85,"column":6},"end":{"line":85,"column":86}},"38":{"start":{"line":87,"column":4},"end":{"line":87,"column":69}},"39":{"start":{"line":92,"column":0},"end":{"line":104,"column":3}},"40":{"start":{"line":93,"column":2},"end":{"line":103,"column":3}},"41":{"start":{"line":94,"column":22},"end":{"line":94,"column":89}},"42":{"start":{"line":96,"column":4},"end":{"line":98,"column":5}},"43":{"start":{"line":97,"column":6},"end":{"line":97,"column":92}},"44":{"start":{"line":100,"column":4},"end":{"line":100,"column":76}},"45":{"start":{"line":102,"column":4},"end":{"line":102,"column":69}},"46":{"start":{"line":106,"column":0},"end":{"line":106,"column":24}}},"fnMap":{"0":{"name":"(anonymous_0)","decl":{"start":{"line":6,"column":16},"end":{"line":6,"column":17}},"loc":{"start":{"line":6,"column":30},"end":{"line":13,"column":1}},"line":6},"1":{"name":"(anonymous_1)","decl":{"start":{"line":16,"column":19},"end":{"line":16,"column":20}},"loc":{"start":{"line":16,"column":33},"end":{"line":28,"column":1}},"line":16},"2":{"name":"(anonymous_2)","decl":{"start":{"line":31,"column":17},"end":{"line":31,"column":18}},"loc":{"start":{"line":31,"column":31},"end":{"line":57,"column":1}},"line":31},"3":{"name":"(anonymous_3)","decl":{"start":{"line":60,"column":19},"end":{"line":60,"column":20}},"loc":{"start":{"line":60,"column":33},"end":{"line":89,"column":1}},"line":60},"4":{"name":"(anonymous_4)","decl":{"start":{"line":92,"column":22},"end":{"line":92,"column":23}},"loc":{"start":{"line":92,"column":36},"end":{"line":104,"column":1}},"line":92}},"branchMap":{"0":{"loc":{"start":{"line":20,"column":4},"end":{"line":22,"column":5}},"type":"if","locations":[{"start":{"line":20,"column":4},"end":{"line":22,"column":5}},{"start":{},"end":{}}],"line":20},"1":{"loc":{"start":{"line":35,"column":2},"end":{"line":40,"column":3}},"type":"if","locations":[{"start":{"line":35,"column":2},"end":{"line":40,"column":3}},{"start":{},"end":{}}],"line":35},"2":{"loc":{"start":{"line":35,"column":6},"end":{"line":35,"column":56}},"type":"binary-expr","locations":[{"start":{"line":35,"column":6},"end":{"line":35,"column":11}},{"start":{"line":35,"column":15},"end":{"line":35,"column":19}},{"start":{"line":35,"column":23},"end":{"line":35,"column":29}},{"start":{"line":35,"column":33},"end":{"line":35,"column":42}},{"start":{"line":35,"column":46},"end":{"line":35,"column":56}}],"line":35},"3":{"loc":{"start":{"line":52,"column":4},"end":{"line":54,"column":5}},"type":"if","locations":[{"start":{"line":52,"column":4},"end":{"line":54,"column":5}},{"start":{},"end":{}}],"line":52},"4":{"loc":{"start":{"line":63,"column":2},"end":{"line":68,"column":3}},"type":"if","locations":[{"start":{"line":63,"column":2},"end":{"line":68,"column":3}},{"start":{},"end":{}}],"line":63},"5":{"loc":{"start":{"line":63,"column":6},"end":{"line":63,"column":56}},"type":"binary-expr","locations":[{"start":{"line":63,"column":6},"end":{"line":63,"column":11}},{"start":{"line":63,"column":15},"end":{"line":63,"column":19}},{"start":{"line":63,"column":23},"end":{"line":63,"column":29}},{"start":{"line":63,"column":33},"end":{"line":63,"column":42}},{"start":{"line":63,"column":46},"end":{"line":63,"column":56}}],"line":63},"6":{"loc":{"start":{"line":77,"column":4},"end":{"line":79,"column":5}},"type":"if","locations":[{"start":{"line":77,"column":4},"end":{"line":79,"column":5}},{"start":{},"end":{}}],"line":77},"7":{"loc":{"start":{"line":84,"column":4},"end":{"line":86,"column":5}},"type":"if","locations":[{"start":{"line":84,"column":4},"end":{"line":86,"column":5}},{"start":{},"end":{}}],"line":84},"8":{"loc":{"start":{"line":96,"column":4},"end":{"line":98,"column":5}},"type":"if","locations":[{"start":{"line":96,"column":4},"end":{"line":98,"column":5}},{"start":{},"end":{}}],"line":96}},"s":{"0":2,"1":2,"2":2,"3":2,"4":2,"5":2,"6":1,"7":1,"8":2,"9":2,"10":2,"11":2,"12":1,"13":1,"14":0,"15":2,"16":3,"17":3,"18":1,"19":2,"20":2,"21":1,"22":1,"23":1,"24":1,"25":0,"26":2,"27":2,"28":2,"29":0,"30":2,"31":2,"32":2,"33":1,"34":1,"35":1,"36":0,"37":0,"38":0,"39":2,"40":2,"41":2,"42":2,"43":1,"44":1,"45":0,"46":2},"f":{"0":2,"1":2,"2":3,"3":2,"4":2},"b":{"0":[1,1],"1":[1,2],"2":[3,3,2,2,2],"3":[1,0],"4":[0,2],"5":[2,2,2,2,2],"6":[1,1],"7":[0,0],"8":[1,1]},"_coverageSchema":"1a1c01bbd47fc00a2c39e90264f33305004495a9","hash":"d2c4f00c5a6ac8e79d14232ac755f2a4ec38086a"}
}
