TN:
SF:src\app.js
FN:14,(anonymous_0)
FN:29,(anonymous_1)
FNF:2
FNH:0
FNDA:0,(anonymous_0)
FNDA:0,(anonymous_1)
DA:1,2
DA:2,2
DA:4,2
DA:5,2
DA:7,2
DA:10,2
DA:11,2
DA:14,2
DA:15,0
DA:25,2
DA:26,2
DA:29,2
DA:30,0
DA:33,2
LF:14
LH:12
BRF:0
BRH:0
end_of_record
TN:
SF:src\routes\consultas.js
FN:6,(anonymous_0)
FN:26,(anonymous_1)
FN:50,(anonymous_2)
FN:65,(anonymous_3)
FN:105,(anonymous_4)
FN:142,(anonymous_5)
FNF:6
FNH:6
FNDA:2,(anonymous_0)
FNDA:2,(anonymous_1)
FNDA:1,(anonymous_2)
FNDA:4,(anonymous_3)
FNDA:3,(anonymous_4)
FNDA:2,(anonymous_5)
DA:1,2
DA:2,2
DA:3,2
DA:6,2
DA:7,2
DA:8,2
DA:19,1
DA:21,1
DA:26,2
DA:27,2
DA:28,2
DA:39,2
DA:40,1
DA:43,1
DA:45,0
DA:50,2
DA:51,1
DA:52,1
DA:58,1
DA:60,0
DA:65,2
DA:66,4
DA:68,4
DA:69,1
DA:76,3
DA:77,3
DA:78,1
DA:82,2
DA:83,2
DA:84,2
DA:85,1
DA:91,1
DA:92,1
DA:97,1
DA:98,1
DA:100,0
DA:105,2
DA:106,3
DA:108,3
DA:109,0
DA:115,3
DA:116,3
DA:117,1
DA:123,2
DA:124,2
DA:130,2
DA:131,1
DA:134,1
DA:135,1
DA:137,0
DA:142,2
DA:143,2
DA:144,2
DA:146,2
DA:147,1
DA:150,1
DA:152,0
DA:156,2
LF:58
LH:52
BRDA:39,0,0,1
BRDA:39,0,1,1
BRDA:68,1,0,1
BRDA:68,1,1,3
BRDA:68,2,0,4
BRDA:68,2,1,3
BRDA:68,2,2,3
BRDA:68,2,3,3
BRDA:77,3,0,1
BRDA:77,3,1,2
BRDA:83,4,0,2
BRDA:83,4,1,0
BRDA:84,5,0,1
BRDA:84,5,1,1
BRDA:95,6,0,1
BRDA:95,6,1,1
BRDA:108,7,0,0
BRDA:108,7,1,3
BRDA:108,8,0,3
BRDA:108,8,1,3
BRDA:108,8,2,3
BRDA:108,8,3,3
BRDA:108,8,4,3
BRDA:116,9,0,1
BRDA:116,9,1,2
BRDA:128,10,0,2
BRDA:128,10,1,2
BRDA:130,11,0,1
BRDA:130,11,1,1
BRDA:146,12,0,1
BRDA:146,12,1,1
BRF:31
BRH:29
end_of_record
TN:
SF:src\routes\pacientes.js
FN:6,(anonymous_0)
FN:16,(anonymous_1)
FN:31,(anonymous_2)
FN:60,(anonymous_3)
FN:92,(anonymous_4)
FNF:5
FNH:5
FNDA:2,(anonymous_0)
FNDA:2,(anonymous_1)
FNDA:3,(anonymous_2)
FNDA:2,(anonymous_3)
FNDA:2,(anonymous_4)
DA:1,2
DA:2,2
DA:3,2
DA:6,2
DA:7,2
DA:8,2
DA:9,1
DA:11,1
DA:16,2
DA:17,2
DA:18,2
DA:20,2
DA:21,1
DA:24,1
DA:26,0
DA:31,2
DA:32,3
DA:35,3
DA:36,1
DA:42,2
DA:43,2
DA:48,1
DA:49,1
DA:52,1
DA:53,1
DA:55,0
DA:60,2
DA:61,2
DA:63,2
DA:64,0
DA:70,2
DA:71,2
DA:77,2
DA:78,1
DA:81,1
DA:82,1
DA:84,0
DA:85,0
DA:87,0
DA:92,2
DA:93,2
DA:94,2
DA:96,2
DA:97,1
DA:100,1
DA:102,0
DA:106,2
LF:47
LH:40
BRDA:20,0,0,1
BRDA:20,0,1,1
BRDA:35,1,0,1
BRDA:35,1,1,2
BRDA:35,2,0,3
BRDA:35,2,1,3
BRDA:35,2,2,2
BRDA:35,2,3,2
BRDA:35,2,4,2
BRDA:52,3,0,1
BRDA:52,3,1,0
BRDA:63,4,0,0
BRDA:63,4,1,2
BRDA:63,5,0,2
BRDA:63,5,1,2
BRDA:63,5,2,2
BRDA:63,5,3,2
BRDA:63,5,4,2
BRDA:77,6,0,1
BRDA:77,6,1,1
BRDA:84,7,0,0
BRDA:84,7,1,0
BRDA:96,8,0,1
BRDA:96,8,1,1
BRF:24
BRH:20
end_of_record
